2026-06-27 15:45:20.701 [background-preinit] INFO  [] [] [] [] o.h.validator.internal.util.Version - HV000001: Hibernate Validator 8.0.3.Final
2026-06-27 15:45:20.775 [main] INFO  [] [] [] [] c.s.gymjjak.GymJjakApplication - Starting GymJjakApplication v0.0.1-SNAPSHOT using Java 17.0.19 with PID 1 (/app/app.jar started by root in /app)
2026-06-27 15:45:20.776 [main] DEBUG [] [] [] [] c.s.gymjjak.GymJjakApplication - Running with Spring Boot v3.5.14, Spring v6.2.18
2026-06-27 15:45:20.778 [main] INFO  [] [] [] [] c.s.gymjjak.GymJjakApplication - The following 1 profile is active: "dev"
2026-06-27 15:45:22.663 [main] INFO  [] [] [] [] o.s.d.r.c.RepositoryConfigurationDelegate - Bootstrapping Spring Data JPA repositories in DEFAULT mode.
2026-06-27 15:45:22.788 [main] INFO  [] [] [] [] o.s.d.r.c.RepositoryConfigurationDelegate - Finished Spring Data repository scanning in 115 ms. Found 28 JPA repository interfaces.
2026-06-27 15:45:24.247 [main] INFO  [] [] [] [] o.s.b.w.e.tomcat.TomcatWebServer - Tomcat initialized with port 8080 (http)
2026-06-27 15:45:24.273 [main] INFO  [] [] [] [] o.a.coyote.http11.Http11NioProtocol - Initializing ProtocolHandler ["http-nio-8080"]
2026-06-27 15:45:24.279 [main] INFO  [] [] [] [] o.a.catalina.core.StandardService - Starting service [Tomcat]
2026-06-27 15:45:24.280 [main] INFO  [] [] [] [] o.a.catalina.core.StandardEngine - Starting Servlet engine: [Apache Tomcat/10.1.54]
2026-06-27 15:45:24.330 [main] INFO  [] [] [] [] o.a.c.c.C.[Tomcat].[localhost].[/] - Initializing Spring embedded WebApplicationContext
2026-06-27 15:45:24.331 [main] INFO  [] [] [] [] o.s.b.w.s.c.ServletWebServerApplicationContext - Root WebApplicationContext: initialization completed in 3483 ms
2026-06-27 15:45:24.653 [main] WARN  [] [] [] [] o.s.boot.actuate.endpoint.EndpointId - Endpoint ID 'org-application' contains invalid characters, please migrate to a valid format.
2026-06-27 15:45:24.839 [main] DEBUG [] [] [] [] c.s.g.g.p.s.JwtAuthenticationFilter - Filter 'jwtAuthenticationFilter' configured for use
2026-06-27 15:45:24.841 [main] DEBUG [] [] [] [] o.s.w.f.ServerHttpObservationFilter - Filter 'webMvcObservationFilter' configured for use
2026-06-27 15:45:24.842 [main] DEBUG [] [] [] [] c.s.g.g.i.filter.TraceIdFilter - Filter 'traceIdFilter' configured for use
2026-06-27 15:45:25.332 [main] INFO  [] [] [] [] com.zaxxer.hikari.HikariDataSource - HikariPool-1 - Starting...
2026-06-27 15:45:25.798 [main] INFO  [] [] [] [] com.zaxxer.hikari.pool.HikariPool - HikariPool-1 - Added connection com.mysql.cj.jdbc.ConnectionImpl@95958d9
2026-06-27 15:45:25.804 [main] INFO  [] [] [] [] com.zaxxer.hikari.HikariDataSource - HikariPool-1 - Start completed.
2026-06-27 15:45:25.903 [main] INFO  [] [] [] [] org.flywaydb.core.FlywayExecutor - Database: jdbc:mysql://mysql:3306/gymjjak_db?serverTimezone=Asia/Seoul&characterEncoding=UTF-8 (MySQL 8.0)
2026-06-27 15:45:26.082 [main] INFO  [] [] [] [] o.f.core.internal.command.DbValidate - Successfully validated 12 migrations (execution time 00:00.082s)
2026-06-27 15:45:26.106 [main] INFO  [] [] [] [] o.f.core.internal.command.DbMigrate - Current version of schema `gymjjak_db`: 1.11
2026-06-27 15:45:26.121 [main] INFO  [] [] [] [] o.f.core.internal.command.DbMigrate - Schema `gymjjak_db` is up to date. No migration necessary.
2026-06-27 15:45:26.256 [main] INFO  [] [] [] [] o.h.jpa.internal.util.LogHelper - HHH000204: Processing PersistenceUnitInfo [name: default]
2026-06-27 15:45:26.349 [main] INFO  [] [] [] [] org.hibernate.Version - HHH000412: Hibernate ORM core version 6.6.49.Final
2026-06-27 15:45:26.396 [main] INFO  [] [] [] [] o.h.c.i.RegionFactoryInitiator - HHH000026: Second-level cache disabled
2026-06-27 15:45:26.696 [main] INFO  [] [] [] [] o.s.o.j.p.SpringPersistenceUnitInfo - No LoadTimeWeaver setup: ignoring JPA class transformer
2026-06-27 15:45:26.794 [main] INFO  [] [] [] [] o.hibernate.orm.connections.pooling - HHH10001005: Database info:
	Database JDBC URL [Connecting through datasource 'HikariDataSource (HikariPool-1)']
	Database driver: undefined/unknown
	Database version: 8.0.46
	Autocommit mode: undefined/unknown
	Isolation level: undefined/unknown
	Minimum pool size: undefined/unknown
	Maximum pool size: undefined/unknown
2026-06-27 15:45:28.007 [main] INFO  [] [] [] [] o.h.e.t.j.p.i.JtaPlatformInitiator - HHH000489: No JTA platform available (set 'hibernate.transaction.jta.platform' to enable JTA platform integration)
2026-06-27 15:45:28.050 [main] INFO  [] [] [] [] o.s.o.j.LocalContainerEntityManagerFactoryBean - Initialized JPA EntityManagerFactory for persistence unit 'default'
2026-06-27 15:45:28.529 [main] INFO  [] [] [] [] o.s.d.j.r.query.QueryEnhancerFactory - Hibernate is in classpath; If applicable, HQL parser will be used.
2026-06-27 15:45:32.493 [main] DEBUG [] [] [] [] o.s.w.s.s.s.WebSocketHandlerMapping - Patterns [/ws/**] in 'stompWebSocketHandlerMapping'
2026-06-27 15:45:32.671 [main] WARN  [] [] [] [] o.s.b.a.o.j.JpaBaseConfiguration$JpaWebConfiguration - spring.jpa.open-in-view is enabled by default. Therefore, database queries may be performed during view rendering. Explicitly configure spring.jpa.open-in-view to disable this warning
2026-06-27 15:45:32.754 [main] DEBUG [] [] [] [] o.s.w.s.m.WebSocketAnnotationMethodMessageHandler - 
	c.s.g.c.a.i.w.CalendarController:
	
2026-06-27 15:45:32.755 [main] DEBUG [] [] [] [] o.s.w.s.m.WebSocketAnnotationMethodMessageHandler - 
	c.s.g.c.p.a.CategoryController:
	
2026-06-27 15:45:32.756 [main] DEBUG [] [] [] [] o.s.w.s.m.WebSocketAnnotationMethodMessageHandler - 
	c.s.g.c.p.a.ChatMessageController:
	
2026-06-27 15:45:32.757 [main] DEBUG [] [] [] [] o.s.w.s.m.WebSocketAnnotationMethodMessageHandler - 
	c.s.g.c.p.a.ChatRoomController:
	
2026-06-27 15:45:32.760 [main] DEBUG [] [] [] [] o.s.w.s.m.WebSocketAnnotationMethodMessageHandler - 
	c.s.g.c.p.w.ChatWebSocketController:
	{[MESSAGE],[/chat.send]}: sendMessage(SendChatMessageRequest,AuthUser)
2026-06-27 15:45:32.764 [main] DEBUG [] [] [] [] o.s.w.s.m.WebSocketAnnotationMethodMessageHandler - 
	c.s.g.f.p.a.FileController:
	
2026-06-27 15:45:32.765 [main] DEBUG [] [] [] [] o.s.w.s.m.WebSocketAnnotationMethodMessageHandler - 
	c.s.g.n.p.a.NotificationController:
	
2026-06-27 15:45:32.766 [main] DEBUG [] [] [] [] o.s.w.s.m.WebSocketAnnotationMethodMessageHandler - 
	c.s.g.o.a.i.w.OnboardingController:
	
2026-06-27 15:45:32.766 [main] DEBUG [] [] [] [] o.s.w.s.m.WebSocketAnnotationMethodMessageHandler - 
	c.s.g.o.o.p.a.OrganizationController:
	
2026-06-27 15:45:32.766 [main] DEBUG [] [] [] [] o.s.w.s.m.WebSocketAnnotationMethodMessageHandler - 
	c.s.g.o.o.p.a.OrganizationApplicationController:
	
2026-06-27 15:45:32.767 [main] DEBUG [] [] [] [] o.s.w.s.m.WebSocketAnnotationMethodMessageHandler - 
	c.s.g.o.o.p.a.OrganizationTrainerController:
	
2026-06-27 15:45:32.768 [main] DEBUG [] [] [] [] o.s.w.s.m.WebSocketAnnotationMethodMessageHandler - 
	c.s.g.p.f.p.a.FeedbackController:
	
2026-06-27 15:45:32.769 [main] DEBUG [] [] [] [] o.s.w.s.m.WebSocketAnnotationMethodMessageHandler - 
	c.s.g.p.p.p.a.PtCourseController:
	
2026-06-27 15:45:32.769 [main] DEBUG [] [] [] [] o.s.w.s.m.WebSocketAnnotationMethodMessageHandler - 
	c.s.g.p.p.p.a.PtReservationController:
	
2026-06-27 15:45:32.770 [main] DEBUG [] [] [] [] o.s.w.s.m.WebSocketAnnotationMethodMessageHandler - 
	c.s.g.r.p.a.ReportController:
	
2026-06-27 15:45:32.770 [main] DEBUG [] [] [] [] o.s.w.s.m.WebSocketAnnotationMethodMessageHandler - 
	c.s.g.r.p.a.ReportGroupController:
	
2026-06-27 15:45:32.771 [main] DEBUG [] [] [] [] o.s.w.s.m.WebSocketAnnotationMethodMessageHandler - 
	c.s.g.t.p.a.TagController:
	
2026-06-27 15:45:32.771 [main] DEBUG [] [] [] [] o.s.w.s.m.WebSocketAnnotationMethodMessageHandler - 
	c.s.g.t.t.p.a.TrainerApplicationController:
	
2026-06-27 15:45:32.772 [main] DEBUG [] [] [] [] o.s.w.s.m.WebSocketAnnotationMethodMessageHandler - 
	c.s.g.t.t.p.a.TrainerApplicationReviewController:
	
2026-06-27 15:45:32.772 [main] DEBUG [] [] [] [] o.s.w.s.m.WebSocketAnnotationMethodMessageHandler - 
	c.s.g.t.t.p.a.TrainerProfileController:
	
2026-06-27 15:45:32.773 [main] DEBUG [] [] [] [] o.s.w.s.m.WebSocketAnnotationMethodMessageHandler - 
	c.s.g.t.p.a.TrainerReviewController:
	
2026-06-27 15:45:32.774 [main] DEBUG [] [] [] [] o.s.w.s.m.WebSocketAnnotationMethodMessageHandler - 
	c.s.g.u.a.i.w.TokenController:
	
2026-06-27 15:45:32.774 [main] DEBUG [] [] [] [] o.s.w.s.m.WebSocketAnnotationMethodMessageHandler - 
	c.s.g.u.a.i.w.UserAuthController:
	
2026-06-27 15:45:32.774 [main] DEBUG [] [] [] [] o.s.w.s.m.WebSocketAnnotationMethodMessageHandler - 
	c.s.g.u.a.i.w.UserController:
	
2026-06-27 15:45:32.777 [main] DEBUG [] [] [] [] o.s.w.s.m.WebSocketAnnotationMethodMessageHandler - 
	o.s.b.a.w.s.e.BasicErrorController:
	
2026-06-27 15:45:32.785 [main] DEBUG [] [] [] [] o.s.w.s.m.WebSocketAnnotationMethodMessageHandler - 
	o.s.w.a.OpenApiWebMvcResource:
	
2026-06-27 15:45:32.785 [main] DEBUG [] [] [] [] o.s.w.s.m.WebSocketAnnotationMethodMessageHandler - 
	o.s.w.u.SwaggerWelcomeWebMvc:
	
2026-06-27 15:45:32.786 [main] DEBUG [] [] [] [] o.s.w.s.m.WebSocketAnnotationMethodMessageHandler - 
	o.s.w.u.SwaggerConfigResource:
	
2026-06-27 15:45:32.952 [main] DEBUG [] [] [] [] o.s.w.s.m.m.a.RequestMappingHandlerMapping - 107 mappings in 'requestMappingHandlerMapping'
2026-06-27 15:45:33.036 [main] DEBUG [] [] [] [] o.s.w.s.h.SimpleUrlHandlerMapping - Patterns [/webjars/**, /**, /swagger-ui/**, /swagger-ui/*swagger-initializer.js, /webjars/*swagger-ui/**, /webjars/*swagger-ui/*swagger-initializer.js, /webjars/*swagger-ui/5.32.0/*swagger-initializer.js] in 'resourceHandlerMapping'
2026-06-27 15:45:33.166 [main] INFO  [] [] [] [] o.s.b.a.e.web.EndpointLinksResolver - Exposing 4 endpoints beneath base path '/actuator'
2026-06-27 15:45:33.496 [main] DEBUG [] [] [] [] o.s.w.s.m.m.a.RequestMappingHandlerAdapter - ControllerAdvice beans: 0 @ModelAttribute, 0 @InitBinder, 1 RequestBodyAdvice, 1 ResponseBodyAdvice
2026-06-27 15:45:33.541 [main] DEBUG [] [] [] [] o.s.w.s.m.m.a.ExceptionHandlerExceptionResolver - ControllerAdvice beans: 2 @ExceptionHandler, 1 ResponseBodyAdvice
2026-06-27 15:45:33.848 [main] DEBUG [] [] [] [] org.springframework.web.SimpLogging - clientOutboundChannel added SubProtocolWebSocketHandler[StompSubProtocolHandler[v10.stomp, v11.stomp, v12.stomp]]
2026-06-27 15:45:33.849 [main] DEBUG [] [] [] [] org.springframework.web.SimpLogging - clientInboundChannel added WebSocketAnnotationMethodMessageHandler[prefixes=[/app/]]
2026-06-27 15:45:33.850 [main] INFO  [] [] [] [] o.s.m.s.b.SimpleBrokerMessageHandler - Starting...
2026-06-27 15:45:33.851 [main] DEBUG [] [] [] [] org.springframework.web.SimpLogging - clientInboundChannel added SimpleBrokerMessageHandler [org.springframework.messaging.simp.broker.DefaultSubscriptionRegistry@108ebd39]
2026-06-27 15:45:33.852 [main] DEBUG [] [] [] [] org.springframework.web.SimpLogging - brokerChannel added SimpleBrokerMessageHandler [org.springframework.messaging.simp.broker.DefaultSubscriptionRegistry@108ebd39]
2026-06-27 15:45:33.853 [main] INFO  [] [] [] [] o.s.m.s.b.SimpleBrokerMessageHandler - BrokerAvailabilityEvent[available=true, SimpleBrokerMessageHandler [org.springframework.messaging.simp.broker.DefaultSubscriptionRegistry@108ebd39]]
2026-06-27 15:45:33.854 [main] INFO  [] [] [] [] o.s.m.s.b.SimpleBrokerMessageHandler - Started.
2026-06-27 15:45:33.855 [main] DEBUG [] [] [] [] org.springframework.web.SimpLogging - clientInboundChannel added UserDestinationMessageHandler[DefaultUserDestinationResolver[prefix=/user/]]
2026-06-27 15:45:33.855 [main] DEBUG [] [] [] [] org.springframework.web.SimpLogging - brokerChannel added UserDestinationMessageHandler[DefaultUserDestinationResolver[prefix=/user/]]
2026-06-27 15:45:33.856 [main] INFO  [] [] [] [] o.a.coyote.http11.Http11NioProtocol - Starting ProtocolHandler ["http-nio-8080"]
2026-06-27 15:45:33.867 [main] INFO  [] [] [] [] o.s.b.w.e.tomcat.TomcatWebServer - Tomcat started on port 8080 (http) with context path '/'
2026-06-27 15:45:33.887 [main] INFO  [] [] [] [] c.s.gymjjak.GymJjakApplication - Started GymJjakApplication in 14.006 seconds (process running for 14.741)
2026-06-27 15:45:33.938 [main] WARN  [] [] [] [] o.s.c.events.SpringDocAppInitializer - SpringDoc /v3/api-docs endpoint is enabled by default. To disable it in production, set the property 'springdoc.api-docs.enabled=false'
2026-06-27 15:45:33.939 [main] WARN  [] [] [] [] o.s.c.events.SpringDocAppInitializer - SpringDoc /swagger-ui.html endpoint is enabled by default. To disable it in production, set the property 'springdoc.swagger-ui.enabled=false'
2026-06-27 15:46:33.816 [MessageBroker-1] INFO  [] [] [] [] o.s.w.s.c.WebSocketMessageBrokerStats - WebSocketSession[0 current WS(0)-HttpStream(0)-HttpPoll(0), 0 total, 0 closed abnormally (0 connect failure, 0 send limit, 0 transport error)], stompSubProtocol[processed CONNECT(0)-CONNECTED(0)-DISCONNECT(0)], stompBrokerRelay[null], inboundChannel[pool size = 0, active threads = 0, queued tasks = 0, completed tasks = 0], outboundChannel[pool size = 0, active threads = 0, queued tasks = 0, completed tasks = 0], sockJsScheduler[pool size = 2, active threads = 1, queued tasks = 1, completed tasks = 0]
2026-06-27 16:47:10.555 [MessageBroker-2] INFO  [] [] [] [] o.s.w.s.c.WebSocketMessageBrokerStats - WebSocketSession[0 current WS(0)-HttpStream(0)-HttpPoll(0), 0 total, 0 closed abnormally (0 connect failure, 0 send limit, 0 transport error)], stompSubProtocol[processed CONNECT(0)-CONNECTED(0)-DISCONNECT(0)], stompBrokerRelay[null], inboundChannel[pool size = 0, active threads = 0, queued tasks = 0, completed tasks = 0], outboundChannel[pool size = 0, active threads = 0, queued tasks = 0, completed tasks = 0], sockJsScheduler[pool size = 3, active threads = 1, queued tasks = 1, completed tasks = 1]
2026-06-27 17:07:48.373 [http-nio-8080-exec-1] INFO  [] [] [] [] o.a.c.c.C.[Tomcat].[localhost].[/] - Initializing Spring DispatcherServlet 'dispatcherServlet'
2026-06-27 17:07:48.375 [http-nio-8080-exec-1] INFO  [] [] [] [] o.s.web.servlet.DispatcherServlet - Initializing Servlet 'dispatcherServlet'
2026-06-27 17:07:48.377 [http-nio-8080-exec-1] DEBUG [] [] [] [] o.s.web.servlet.DispatcherServlet - Detected StandardServletMultipartResolver
2026-06-27 17:07:48.378 [http-nio-8080-exec-1] DEBUG [] [] [] [] o.s.web.servlet.DispatcherServlet - Detected AcceptHeaderLocaleResolver
2026-06-27 17:07:48.379 [http-nio-8080-exec-1] DEBUG [] [] [] [] o.s.web.servlet.DispatcherServlet - Detected FixedThemeResolver
2026-06-27 17:07:48.404 [http-nio-8080-exec-1] DEBUG [] [] [] [] o.s.web.servlet.DispatcherServlet - Detected org.springframework.web.servlet.view.DefaultRequestToViewNameTranslator@1e4e195b
2026-06-27 17:07:48.408 [http-nio-8080-exec-1] DEBUG [] [] [] [] o.s.web.servlet.DispatcherServlet - Detected org.springframework.web.servlet.support.SessionFlashMapManager@3a69d00
2026-06-27 17:07:48.411 [http-nio-8080-exec-1] DEBUG [] [] [] [] o.s.web.servlet.DispatcherServlet - enableLoggingRequestDetails='false': request parameters and headers will be masked to prevent unsafe logging of potentially sensitive data
2026-06-27 17:07:48.411 [http-nio-8080-exec-1] INFO  [] [] [] [] o.s.web.servlet.DispatcherServlet - Completed initialization in 35 ms
2026-06-27 17:07:48.528 [http-nio-8080-exec-1] DEBUG [e1c23ba3] [POST] [/api/token/reissue] [172.18.0.1] o.s.web.servlet.DispatcherServlet - POST "/api/token/reissue", parameters={}
2026-06-27 17:07:48.533 [http-nio-8080-exec-1] DEBUG [e1c23ba3] [POST] [/api/token/reissue] [172.18.0.1] o.s.w.s.m.m.a.RequestMappingHandlerMapping - Mapped to com.ssambbong.gymjjak.user.adapter.in.web.TokenController#reissueAccessToken(String)
2026-06-27 17:07:48.630 [http-nio-8080-exec-1] INFO  [e1c23ba3] [POST] [/api/token/reissue] [172.18.0.1] c.s.g.u.a.s.TokenCommandService - event=accessToken_reissue_start
2026-06-27 17:07:48.761 [http-nio-8080-exec-1] INFO  [e1c23ba3] [POST] [/api/token/reissue] [172.18.0.1] c.s.g.u.a.s.TokenCommandService - event=refreshToken_validation_succeed userId=3
2026-06-27 17:07:48.954 [http-nio-8080-exec-1] DEBUG [e1c23ba3] [POST] [/api/token/reissue] [172.18.0.1] org.hibernate.SQL - select rtje1_0.refresh_token_id,rtje1_0.created_at,rtje1_0.refresh_token,rtje1_0.user_id from refresh_tokens rtje1_0 where rtje1_0.user_id=?
2026-06-27 17:07:49.060 [http-nio-8080-exec-1] DEBUG [e1c23ba3] [POST] [/api/token/reissue] [172.18.0.1] org.hibernate.SQL - select uje1_0.user_id,uje1_0.created_at,uje1_0.deleted_at,uje1_0.last_login_at,uje1_0.name,uje1_0.nickname,uje1_0.onboarding_completed,uje1_0.password,uje1_0.phone,uje1_0.role,uje1_0.social_id,uje1_0.social_provider,uje1_0.status,uje1_0.updated_at,uje1_0.username from users uje1_0 where uje1_0.user_id=?
2026-06-27 17:07:49.115 [http-nio-8080-exec-1] INFO  [e1c23ba3] [POST] [/api/token/reissue] [172.18.0.1] c.s.g.u.a.s.TokenCommandService - event=accessToken_reissue_succeed userId=3, role=ADMIN
2026-06-27 17:07:49.172 [http-nio-8080-exec-1] DEBUG [e1c23ba3] [POST] [/api/token/reissue] [172.18.0.1] o.s.w.s.m.m.a.HttpEntityMethodProcessor - Using 'application/json', given [*/*] and supported [application/json, application/*+json, application/yaml]
2026-06-27 17:07:49.177 [http-nio-8080-exec-1] DEBUG [e1c23ba3] [POST] [/api/token/reissue] [172.18.0.1] o.s.w.s.m.m.a.HttpEntityMethodProcessor - Writing [GlobalApiResponse[status=200, code=TOKEN_REISSUED, message=Access 토큰이 재발급되었습니다., data=ReissueTokenRe (truncated)...]
2026-06-27 17:07:49.238 [http-nio-8080-exec-1] DEBUG [e1c23ba3] [POST] [/api/token/reissue] [172.18.0.1] o.s.web.servlet.DispatcherServlet - Completed 200 OK
2026-06-27 17:17:10.344 [MessageBroker-3] INFO  [] [] [] [] o.s.w.s.c.WebSocketMessageBrokerStats - WebSocketSession[0 current WS(0)-HttpStream(0)-HttpPoll(0), 0 total, 0 closed abnormally (0 connect failure, 0 send limit, 0 transport error)], stompSubProtocol[processed CONNECT(0)-CONNECTED(0)-DISCONNECT(0)], stompBrokerRelay[null], inboundChannel[pool size = 0, active threads = 0, queued tasks = 0, completed tasks = 0], outboundChannel[pool size = 0, active threads = 0, queued tasks = 0, completed tasks = 0], sockJsScheduler[pool size = 4, active threads = 1, queued tasks = 1, completed tasks = 2]
2026-06-27 17:21:45.949 [http-nio-8080-exec-3] DEBUG [4a402821] [GET] [/api/calendar/month] [172.18.0.1] o.s.web.servlet.DispatcherServlet - GET "/api/calendar/month?year=2026&month=6", parameters={masked}
2026-06-27 17:21:45.949 [http-nio-8080-exec-4] DEBUG [8e286d23] [GET] [/api/calendar/day] [172.18.0.1] o.s.web.servlet.DispatcherServlet - GET "/api/calendar/day?date=2026-06-28", parameters={masked}
2026-06-27 17:21:45.952 [http-nio-8080-exec-3] DEBUG [4a402821] [GET] [/api/calendar/month] [172.18.0.1] o.s.w.s.m.m.a.RequestMappingHandlerMapping - Mapped to com.ssambbong.gymjjak.calendar.adapter.in.web.CalendarController#findCalendarMonth(AuthUser, Integer, Integer)
2026-06-27 17:21:45.953 [http-nio-8080-exec-4] DEBUG [8e286d23] [GET] [/api/calendar/day] [172.18.0.1] o.s.w.s.m.m.a.RequestMappingHandlerMapping - Mapped to com.ssambbong.gymjjak.calendar.adapter.in.web.CalendarController#findCalendarDay(AuthUser, LocalDate)
2026-06-27 17:21:45.966 [http-nio-8080-exec-3] DEBUG [4a402821] [GET] [/api/calendar/month] [172.18.0.1] c.s.g.c.a.service.CalendarService - event=calendarMonth_find_start userId=3
2026-06-27 17:21:45.972 [http-nio-8080-exec-4] DEBUG [8e286d23] [GET] [/api/calendar/day] [172.18.0.1] c.s.g.c.a.service.CalendarService - event=calendarDay_find_start userId=3
2026-06-27 17:21:46.003 [http-nio-8080-exec-3] DEBUG [4a402821] [GET] [/api/calendar/month] [172.18.0.1] org.hibernate.SQL - select prje1_0.reserved_start_at from pt_reservations prje1_0 where prje1_0.user_id=? and prje1_0.reserved_start_at>=? and prje1_0.reserved_start_at<? and prje1_0.status<>? and prje1_0.cancelled_at is null order by prje1_0.reserved_start_at
2026-06-27 17:21:46.004 [http-nio-8080-exec-4] DEBUG [8e286d23] [GET] [/api/calendar/day] [172.18.0.1] org.hibernate.SQL - select prje1_0.pt_course_id,pcje1_0.title,prje1_0.reserved_start_at from pt_reservations prje1_0 join pt_courses pcje1_0 on pcje1_0.pt_course_id=prje1_0.pt_course_id where prje1_0.user_id=? and prje1_0.reserved_start_at>=? and prje1_0.reserved_start_at<? and prje1_0.status<>? and prje1_0.cancelled_at is null order by prje1_0.reserved_start_at
2026-06-27 17:21:46.017 [http-nio-8080-exec-3] DEBUG [4a402821] [GET] [/api/calendar/month] [172.18.0.1] org.hibernate.SQL - select wdje1_0.diary_date,wdje1_0.title from workout_diaries wdje1_0 where wdje1_0.user_id=? and wdje1_0.diary_date>=? and wdje1_0.diary_date<? order by wdje1_0.diary_date
2026-06-27 17:21:46.023 [http-nio-8080-exec-4] DEBUG [8e286d23] [GET] [/api/calendar/day] [172.18.0.1] org.hibernate.SQL - select wdje1_0.workout_diary_id,wdje1_0.title,wdje1_0.content,wdje1_0.diary_date,cje1_0.name from workout_diaries wdje1_0 join categories cje1_0 on cje1_0.category_id=wdje1_0.category_id where wdje1_0.user_id=? and wdje1_0.diary_date=?
2026-06-27 17:21:46.026 [http-nio-8080-exec-3] INFO  [4a402821] [GET] [/api/calendar/month] [172.18.0.1] c.s.g.c.a.service.CalendarService - event=calendarMonth_find_succeed userId=3
2026-06-27 17:21:46.027 [http-nio-8080-exec-4] INFO  [8e286d23] [GET] [/api/calendar/day] [172.18.0.1] c.s.g.c.a.service.CalendarService - event=calendarDay_find_succeed userId=3
2026-06-27 17:21:46.035 [http-nio-8080-exec-4] DEBUG [8e286d23] [GET] [/api/calendar/day] [172.18.0.1] o.s.w.s.m.m.a.HttpEntityMethodProcessor - Using 'application/json', given [*/*] and supported [application/json, application/*+json, application/yaml]
2026-06-27 17:21:46.035 [http-nio-8080-exec-3] DEBUG [4a402821] [GET] [/api/calendar/month] [172.18.0.1] o.s.w.s.m.m.a.HttpEntityMethodProcessor - Using 'application/json', given [*/*] and supported [application/json, application/*+json, application/yaml]
2026-06-27 17:21:46.038 [http-nio-8080-exec-4] DEBUG [8e286d23] [GET] [/api/calendar/day] [172.18.0.1] o.s.w.s.m.m.a.HttpEntityMethodProcessor - Writing [GlobalApiResponse[status=200, code=CALENDAR_DAY_FETCHED, message=날짜별 캘린더 조회가 완료되었습니다., data=Calendar (truncated)...]
2026-06-27 17:21:46.039 [http-nio-8080-exec-3] DEBUG [4a402821] [GET] [/api/calendar/month] [172.18.0.1] o.s.w.s.m.m.a.HttpEntityMethodProcessor - Writing [GlobalApiResponse[status=200, code=CALENDAR_FETCHED, message=캘린더 조회가 완료되었습니다., data=CalendarMonthRes (truncated)...]
2026-06-27 17:21:46.054 [http-nio-8080-exec-4] DEBUG [8e286d23] [GET] [/api/calendar/day] [172.18.0.1] o.s.web.servlet.DispatcherServlet - Completed 200 OK
2026-06-27 17:21:46.054 [http-nio-8080-exec-3] DEBUG [4a402821] [GET] [/api/calendar/month] [172.18.0.1] o.s.web.servlet.DispatcherServlet - Completed 200 OK
2026-06-27 17:21:46.218 [http-nio-8080-exec-5] DEBUG [914d1f58] [GET] [/api/categories] [172.18.0.1] o.s.web.servlet.DispatcherServlet - GET "/api/categories", parameters={}
2026-06-27 17:21:46.220 [http-nio-8080-exec-5] DEBUG [914d1f58] [GET] [/api/categories] [172.18.0.1] o.s.w.s.m.m.a.RequestMappingHandlerMapping - Mapped to com.ssambbong.gymjjak.category.presectation.api.CategoryController#getCategories()
2026-06-27 17:21:46.239 [http-nio-8080-exec-5] DEBUG [914d1f58] [GET] [/api/categories] [172.18.0.1] org.hibernate.SQL - select cje1_0.category_id,cje1_0.created_at,cje1_0.name,cje1_0.updated_at from categories cje1_0
2026-06-27 17:21:46.297 [http-nio-8080-exec-5] DEBUG [914d1f58] [GET] [/api/categories] [172.18.0.1] org.hibernate.SQL - SELECT COUNT(*) FROM pt_courses WHERE category_id = ? AND deleted_at IS NULL
2026-06-27 17:21:46.318 [http-nio-8080-exec-5] DEBUG [914d1f58] [GET] [/api/categories] [172.18.0.1] org.hibernate.SQL - SELECT COUNT(*) FROM pt_courses WHERE category_id = ? AND deleted_at IS NULL
2026-06-27 17:21:46.323 [http-nio-8080-exec-5] DEBUG [914d1f58] [GET] [/api/categories] [172.18.0.1] org.hibernate.SQL - SELECT COUNT(*) FROM pt_courses WHERE category_id = ? AND deleted_at IS NULL
2026-06-27 17:21:46.329 [http-nio-8080-exec-5] DEBUG [914d1f58] [GET] [/api/categories] [172.18.0.1] o.s.w.s.m.m.a.HttpEntityMethodProcessor - Using 'application/json', given [*/*] and supported [application/json, application/*+json, application/yaml]
2026-06-27 17:21:46.332 [http-nio-8080-exec-5] DEBUG [914d1f58] [GET] [/api/categories] [172.18.0.1] o.s.w.s.m.m.a.HttpEntityMethodProcessor - Writing [GlobalApiResponse[status=200, code=CATEGORY_200, message=카테고리 목록 조회 성공, data=[CategoryView[categoryI (truncated)...]
2026-06-27 17:21:46.341 [http-nio-8080-exec-5] DEBUG [914d1f58] [GET] [/api/categories] [172.18.0.1] o.s.web.servlet.DispatcherServlet - Completed 200 OK
